<?xml version="1.0" encoding="UTF-8"?>
<testsuites tests="3" failures="0" errors="0" skipped="0">
  <testsuite name="End to End Ecommerce Automation Test" timestamp="2024-09-05T16:08:14" time="19.187" tests="3" failures="0" errors="0" skipped="0">
    <properties>
      <property name="specId" value="0"/>
      <property name="suiteName" value="End to End Ecommerce Automation Test"/>
      <property name="capabilities" value="chrome.128_0_6613_119.windows"/>
      <property name="file" value="file:///D:/In_House_Wdio_Framework/webdriverio-framework/src/test/specs/E2E.ecommerce.spec%20copy.js"/>
    </properties>
    <testcase classname="chrome.128_0_6613_119.windows.End_to_End_Ecommerce_Automation_Test" name="AZ111 Login into Ecommerce website and Add product to cart" time="9.944">
      <system-out><![CDATA[
COMMAND: GET /session/e6368bb23f6812f4af19ddbf4700ba76/window - {}
RESULT: {}
COMMAND: GET /session/e6368bb23f6812f4af19ddbf4700ba76/window - {}
RESULT: {}
COMMAND: POST /session/e6368bb23f6812f4af19ddbf4700ba76/window/maximize - {}
RESULT: {}
COMMAND: POST /session/e6368bb23f6812f4af19ddbf4700ba76/element/f.C05A51DC5AF235B0E66CD0E0F24236FD.d.52A5872FA0FC57EB7229464530411430.e.3/clear - {}
RESULT: {}
COMMAND: POST /session/e6368bb23f6812f4af19ddbf4700ba76/element/f.C05A51DC5AF235B0E66CD0E0F24236FD.d.52A5872FA0FC57EB7229464530411430.e.3/value - {"text":"rahulshettyacademy"}
RESULT: {"text":"rahulshettyacademy"}
COMMAND: POST /session/e6368bb23f6812f4af19ddbf4700ba76/element/f.C05A51DC5AF235B0E66CD0E0F24236FD.d.52A5872FA0FC57EB7229464530411430.e.5/clear - {}
RESULT: {}
COMMAND: POST /session/e6368bb23f6812f4af19ddbf4700ba76/element/f.C05A51DC5AF235B0E66CD0E0F24236FD.d.52A5872FA0FC57EB7229464530411430.e.5/value - {"text":"learning"}
RESULT: {"text":"learning"}
COMMAND: POST /session/e6368bb23f6812f4af19ddbf4700ba76/element/f.C05A51DC5AF235B0E66CD0E0F24236FD.d.52A5872FA0FC57EB7229464530411430.e.8/element - {"using":"xpath","value":"./option[. = \"Teacher\"]|./option[normalize-space(text()) = \"Teacher\"]|./optgroup/option[. = \"Teacher\"]|./optgroup/option[normalize-space(text()) = \"Teacher\"]"}
RESULT: {"using":"xpath","value":"./option[. = \"Teacher\"]|./option[normalize-space(text()) = \"Teacher\"]|./optgroup/option[. = \"Teacher\"]|./optgroup/option[normalize-space(text()) = \"Teacher\"]"}
COMMAND: POST /session/e6368bb23f6812f4af19ddbf4700ba76/element/f.C05A51DC5AF235B0E66CD0E0F24236FD.d.52A5872FA0FC57EB7229464530411430.e.16/click - {}
RESULT: {}
COMMAND: GET /session/e6368bb23f6812f4af19ddbf4700ba76/element/f.C05A51DC5AF235B0E66CD0E0F24236FD.d.52A5872FA0FC57EB7229464530411430.e.8/text - {}
RESULT: {}
COMMAND: POST /session/e6368bb23f6812f4af19ddbf4700ba76/element/f.C05A51DC5AF235B0E66CD0E0F24236FD.d.52A5872FA0FC57EB7229464530411430.e.9/click - {}
RESULT: {}
COMMAND: GET /session/e6368bb23f6812f4af19ddbf4700ba76/element/f.C05A51DC5AF235B0E66CD0E0F24236FD.d.52A5872FA0FC57EB7229464530411430.e.9/selected - {}
RESULT: {}
COMMAND: POST /session/e6368bb23f6812f4af19ddbf4700ba76/element/f.C05A51DC5AF235B0E66CD0E0F24236FD.d.52A5872FA0FC57EB7229464530411430.e.10/click - {}
RESULT: {}
COMMAND: GET /session/e6368bb23f6812f4af19ddbf4700ba76/window - {}
RESULT: {}
COMMAND: POST /session/e6368bb23f6812f4af19ddbf4700ba76/element - {"using":"xpath","value":"//app-shop//div[@class=\"container\"]//h1[text()=\"Shop Name\"]"}
RESULT: {"using":"xpath","value":"//app-shop//div[@class=\"container\"]//h1[text()=\"Shop Name\"]"}
COMMAND: GET /session/e6368bb23f6812f4af19ddbf4700ba76/element/f.C05A51DC5AF235B0E66CD0E0F24236FD.d.7DC18AD4262C4BE852F54EEDD18F80A1.e.59/rect - {}
RESULT: {}
COMMAND: GET /session/e6368bb23f6812f4af19ddbf4700ba76/window/rect - {}
RESULT: {}
COMMAND: POST /session/e6368bb23f6812f4af19ddbf4700ba76/actions - {"actions":[{"id":"action1","type":"wheel","parameters":{},"actions":[{"type":"scroll","x":-73,"y":-172,"deltaX":0,"deltaY":0,"duration":0,"origin":{"element-6066-11e4-a52e-4f735466cecf":"f.C05A51DC5AF235B0E66CD0E0F24236FD.d.7DC18AD4262C4BE852F54EEDD18F80A1.e.59"}}]}]}
RESULT: {"actions":[{"id":"action1","type":"wheel","parameters":{},"actions":[{"type":"scroll","x":-73,"y":-172,"deltaX":0,"deltaY":0,"duration":0,"origin":{"element-6066-11e4-a52e-4f735466cecf":"f.C05A51DC5AF235B0E66CD0E0F24236FD.d.7DC18AD4262C4BE852F54EEDD18F80A1.e.59"}}]}]}
COMMAND: DELETE /session/e6368bb23f6812f4af19ddbf4700ba76/actions - {}
RESULT: {}
COMMAND: POST /session/e6368bb23f6812f4af19ddbf4700ba76/element/f.C05A51DC5AF235B0E66CD0E0F24236FD.d.7DC18AD4262C4BE852F54EEDD18F80A1.e.59/click - {}
RESULT: {}
COMMAND: GET /session/e6368bb23f6812f4af19ddbf4700ba76/element/f.C05A51DC5AF235B0E66CD0E0F24236FD.d.7DC18AD4262C4BE852F54EEDD18F80A1.e.61/rect - {}
RESULT: {}
COMMAND: GET /session/e6368bb23f6812f4af19ddbf4700ba76/window/rect - {}
RESULT: {}
COMMAND: POST /session/e6368bb23f6812f4af19ddbf4700ba76/actions - {"actions":[{"id":"action2","type":"wheel","parameters":{},"actions":[{"type":"scroll","x":-73,"y":-172,"deltaX":0,"deltaY":0,"duration":0,"origin":{"element-6066-11e4-a52e-4f735466cecf":"f.C05A51DC5AF235B0E66CD0E0F24236FD.d.7DC18AD4262C4BE852F54EEDD18F80A1.e.61"}}]}]}
RESULT: {"actions":[{"id":"action2","type":"wheel","parameters":{},"actions":[{"type":"scroll","x":-73,"y":-172,"deltaX":0,"deltaY":0,"duration":0,"origin":{"element-6066-11e4-a52e-4f735466cecf":"f.C05A51DC5AF235B0E66CD0E0F24236FD.d.7DC18AD4262C4BE852F54EEDD18F80A1.e.61"}}]}]}
COMMAND: DELETE /session/e6368bb23f6812f4af19ddbf4700ba76/actions - {}
RESULT: {}
COMMAND: POST /session/e6368bb23f6812f4af19ddbf4700ba76/element/f.C05A51DC5AF235B0E66CD0E0F24236FD.d.7DC18AD4262C4BE852F54EEDD18F80A1.e.61/click - {}
RESULT: {}
COMMAND: GET /session/e6368bb23f6812f4af19ddbf4700ba76/element/f.C05A51DC5AF235B0E66CD0E0F24236FD.d.7DC18AD4262C4BE852F54EEDD18F80A1.e.62/rect - {}
RESULT: {}
COMMAND: GET /session/e6368bb23f6812f4af19ddbf4700ba76/window/rect - {}
RESULT: {}
COMMAND: POST /session/e6368bb23f6812f4af19ddbf4700ba76/actions - {"actions":[{"id":"action3","type":"wheel","parameters":{},"actions":[{"type":"scroll","x":-116,"y":-790,"deltaX":0,"deltaY":0,"duration":0,"origin":{"element-6066-11e4-a52e-4f735466cecf":"f.C05A51DC5AF235B0E66CD0E0F24236FD.d.7DC18AD4262C4BE852F54EEDD18F80A1.e.62"}}]}]}
COMMAND: POST /session/e6368bb23f6812f4af19ddbf4700ba76/element/f.C05A51DC5AF235B0E66CD0E0F24236FD.d.7DC18AD4262C4BE852F54EEDD18F80A1.e.62/click - {}
RESULT: {}
]]></system-out>
    </testcase>
    <testcase classname="chrome.128_0_6613_119.windows.End_to_End_Ecommerce_Automation_Test" name="AZ222 Verify product present in the cart and goto checkout page" time="0.709">
      <system-out><![CDATA[
COMMAND: GET /session/e6368bb23f6812f4af19ddbf4700ba76/element/f.C05A51DC5AF235B0E66CD0E0F24236FD.d.7DC18AD4262C4BE852F54EEDD18F80A1.e.70/text - {}
COMMAND: GET /session/e6368bb23f6812f4af19ddbf4700ba76/element/f.C05A51DC5AF235B0E66CD0E0F24236FD.d.7DC18AD4262C4BE852F54EEDD18F80A1.e.71/text - {}
RESULT: {}
RESULT: {}
COMMAND: GET /session/e6368bb23f6812f4af19ddbf4700ba76/element/f.C05A51DC5AF235B0E66CD0E0F24236FD.d.7DC18AD4262C4BE852F54EEDD18F80A1.e.72/text - {}
RESULT: {}
COMMAND: POST /session/e6368bb23f6812f4af19ddbf4700ba76/element/f.C05A51DC5AF235B0E66CD0E0F24236FD.d.7DC18AD4262C4BE852F54EEDD18F80A1.e.73/click - {}
RESULT: {}
]]></system-out>
    </testcase>
    <testcase classname="chrome.128_0_6613_119.windows.End_to_End_Ecommerce_Automation_Test" name="TR123 Select country and complete purchase" time="8.461">
      <system-out><![CDATA[
COMMAND: POST /session/e6368bb23f6812f4af19ddbf4700ba76/element/f.C05A51DC5AF235B0E66CD0E0F24236FD.d.7DC18AD4262C4BE852F54EEDD18F80A1.e.99/click - {}
RESULT: {}
COMMAND: POST /session/e6368bb23f6812f4af19ddbf4700ba76/element/f.C05A51DC5AF235B0E66CD0E0F24236FD.d.7DC18AD4262C4BE852F54EEDD18F80A1.e.99/clear - {}
RESULT: {}
COMMAND: POST /session/e6368bb23f6812f4af19ddbf4700ba76/element/f.C05A51DC5AF235B0E66CD0E0F24236FD.d.7DC18AD4262C4BE852F54EEDD18F80A1.e.99/value - {"text":"ind"}
RESULT: {"text":"ind"}
COMMAND: POST /session/e6368bb23f6812f4af19ddbf4700ba76/element/f.C05A51DC5AF235B0E66CD0E0F24236FD.d.7DC18AD4262C4BE852F54EEDD18F80A1.e.113/click - {}
RESULT: {}
COMMAND: POST /session/e6368bb23f6812f4af19ddbf4700ba76/element/f.C05A51DC5AF235B0E66CD0E0F24236FD.d.7DC18AD4262C4BE852F54EEDD18F80A1.e.101/click - {}
RESULT: {}
COMMAND: POST /session/e6368bb23f6812f4af19ddbf4700ba76/element/f.C05A51DC5AF235B0E66CD0E0F24236FD.d.7DC18AD4262C4BE852F54EEDD18F80A1.e.106/click - {}
RESULT: {}
COMMAND: GET /session/e6368bb23f6812f4af19ddbf4700ba76/element/f.C05A51DC5AF235B0E66CD0E0F24236FD.d.7DC18AD4262C4BE852F54EEDD18F80A1.e.116/text - {}
RESULT: {}
COMMAND: DELETE /session/e6368bb23f6812f4af19ddbf4700ba76 - {}
RESULT: {}
]]></system-out>
    </testcase>
  </testsuite>
</testsuites>