<?xml version="1.0" encoding="UTF-8"?>
<testsuites tests="3" failures="0" errors="0" skipped="0">
  <testsuite name="End to End Ecommerce Automation Test" timestamp="2024-09-05T16:08:14" time="19.622" tests="3" failures="0" errors="0" skipped="0">
    <properties>
      <property name="specId" value="0"/>
      <property name="suiteName" value="End to End Ecommerce Automation Test"/>
      <property name="capabilities" value="chrome.128_0_6613_119.windows"/>
      <property name="file" value="file:///D:/In_House_Wdio_Framework/webdriverio-framework/src/test/specs/E2E.ecommerce.spec.js"/>
    </properties>
    <testcase classname="chrome.128_0_6613_119.windows.End_to_End_Ecommerce_Automation_Test" name="AZ111 Login into Ecommerce website and Add product to cart" time="10.081">
      <system-out><![CDATA[
COMMAND: GET /session/b7239e52363f74954c873ccf121d06b9/window - {}
RESULT: {}
COMMAND: GET /session/b7239e52363f74954c873ccf121d06b9/window - {}
RESULT: {}
COMMAND: POST /session/b7239e52363f74954c873ccf121d06b9/window/maximize - {}
RESULT: {}
COMMAND: POST /session/b7239e52363f74954c873ccf121d06b9/element/f.CA9032C0A965BC786C2ABA8C699579BD.d.266B5E1564901E5D7FE0828E4D8C8F07.e.3/clear - {}
RESULT: {}
COMMAND: POST /session/b7239e52363f74954c873ccf121d06b9/element/f.CA9032C0A965BC786C2ABA8C699579BD.d.266B5E1564901E5D7FE0828E4D8C8F07.e.3/value - {"text":"rahulshettyacademy"}
RESULT: {"text":"rahulshettyacademy"}
COMMAND: POST /session/b7239e52363f74954c873ccf121d06b9/element/f.CA9032C0A965BC786C2ABA8C699579BD.d.266B5E1564901E5D7FE0828E4D8C8F07.e.5/clear - {}
RESULT: {}
COMMAND: POST /session/b7239e52363f74954c873ccf121d06b9/element/f.CA9032C0A965BC786C2ABA8C699579BD.d.266B5E1564901E5D7FE0828E4D8C8F07.e.5/value - {"text":"learning"}
RESULT: {"text":"learning"}
COMMAND: POST /session/b7239e52363f74954c873ccf121d06b9/element/f.CA9032C0A965BC786C2ABA8C699579BD.d.266B5E1564901E5D7FE0828E4D8C8F07.e.8/element - {"using":"xpath","value":"./option[. = \"Teacher\"]|./option[normalize-space(text()) = \"Teacher\"]|./optgroup/option[. = \"Teacher\"]|./optgroup/option[normalize-space(text()) = \"Teacher\"]"}
RESULT: {"using":"xpath","value":"./option[. = \"Teacher\"]|./option[normalize-space(text()) = \"Teacher\"]|./optgroup/option[. = \"Teacher\"]|./optgroup/option[normalize-space(text()) = \"Teacher\"]"}
COMMAND: POST /session/b7239e52363f74954c873ccf121d06b9/element/f.CA9032C0A965BC786C2ABA8C699579BD.d.266B5E1564901E5D7FE0828E4D8C8F07.e.16/click - {}
RESULT: {}
COMMAND: GET /session/b7239e52363f74954c873ccf121d06b9/element/f.CA9032C0A965BC786C2ABA8C699579BD.d.266B5E1564901E5D7FE0828E4D8C8F07.e.8/text - {}
RESULT: {}
COMMAND: POST /session/b7239e52363f74954c873ccf121d06b9/element/f.CA9032C0A965BC786C2ABA8C699579BD.d.266B5E1564901E5D7FE0828E4D8C8F07.e.9/click - {}
RESULT: {}
COMMAND: GET /session/b7239e52363f74954c873ccf121d06b9/element/f.CA9032C0A965BC786C2ABA8C699579BD.d.266B5E1564901E5D7FE0828E4D8C8F07.e.9/selected - {}
RESULT: {}
COMMAND: POST /session/b7239e52363f74954c873ccf121d06b9/element/f.CA9032C0A965BC786C2ABA8C699579BD.d.266B5E1564901E5D7FE0828E4D8C8F07.e.10/click - {}
RESULT: {}
COMMAND: GET /session/b7239e52363f74954c873ccf121d06b9/window - {}
RESULT: {}
COMMAND: POST /session/b7239e52363f74954c873ccf121d06b9/element - {"using":"xpath","value":"//app-shop//div[@class=\"container\"]//h1[text()=\"Shop Name\"]"}
RESULT: {"using":"xpath","value":"//app-shop//div[@class=\"container\"]//h1[text()=\"Shop Name\"]"}
COMMAND: GET /session/b7239e52363f74954c873ccf121d06b9/element/f.CA9032C0A965BC786C2ABA8C699579BD.d.854F93E1F1FE4F436A565A100227DA60.e.59/rect - {}
RESULT: {}
COMMAND: GET /session/b7239e52363f74954c873ccf121d06b9/window/rect - {}
RESULT: {}
COMMAND: POST /session/b7239e52363f74954c873ccf121d06b9/actions - {"actions":[{"id":"action1","type":"wheel","parameters":{},"actions":[{"type":"scroll","x":-73,"y":-172,"deltaX":0,"deltaY":0,"duration":0,"origin":{"element-6066-11e4-a52e-4f735466cecf":"f.CA9032C0A965BC786C2ABA8C699579BD.d.854F93E1F1FE4F436A565A100227DA60.e.59"}}]}]}
RESULT: {"actions":[{"id":"action1","type":"wheel","parameters":{},"actions":[{"type":"scroll","x":-73,"y":-172,"deltaX":0,"deltaY":0,"duration":0,"origin":{"element-6066-11e4-a52e-4f735466cecf":"f.CA9032C0A965BC786C2ABA8C699579BD.d.854F93E1F1FE4F436A565A100227DA60.e.59"}}]}]}
COMMAND: DELETE /session/b7239e52363f74954c873ccf121d06b9/actions - {}
RESULT: {}
COMMAND: POST /session/b7239e52363f74954c873ccf121d06b9/element/f.CA9032C0A965BC786C2ABA8C699579BD.d.854F93E1F1FE4F436A565A100227DA60.e.59/click - {}
RESULT: {}
COMMAND: GET /session/b7239e52363f74954c873ccf121d06b9/element/f.CA9032C0A965BC786C2ABA8C699579BD.d.854F93E1F1FE4F436A565A100227DA60.e.61/rect - {}
RESULT: {}
COMMAND: GET /session/b7239e52363f74954c873ccf121d06b9/window/rect - {}
RESULT: {}
COMMAND: POST /session/b7239e52363f74954c873ccf121d06b9/actions - {"actions":[{"id":"action2","type":"wheel","parameters":{},"actions":[{"type":"scroll","x":-73,"y":-172,"deltaX":0,"deltaY":0,"duration":0,"origin":{"element-6066-11e4-a52e-4f735466cecf":"f.CA9032C0A965BC786C2ABA8C699579BD.d.854F93E1F1FE4F436A565A100227DA60.e.61"}}]}]}
RESULT: {"actions":[{"id":"action2","type":"wheel","parameters":{},"actions":[{"type":"scroll","x":-73,"y":-172,"deltaX":0,"deltaY":0,"duration":0,"origin":{"element-6066-11e4-a52e-4f735466cecf":"f.CA9032C0A965BC786C2ABA8C699579BD.d.854F93E1F1FE4F436A565A100227DA60.e.61"}}]}]}
COMMAND: DELETE /session/b7239e52363f74954c873ccf121d06b9/actions - {}
RESULT: {}
COMMAND: POST /session/b7239e52363f74954c873ccf121d06b9/element/f.CA9032C0A965BC786C2ABA8C699579BD.d.854F93E1F1FE4F436A565A100227DA60.e.61/click - {}
RESULT: {}
COMMAND: GET /session/b7239e52363f74954c873ccf121d06b9/element/f.CA9032C0A965BC786C2ABA8C699579BD.d.854F93E1F1FE4F436A565A100227DA60.e.62/rect - {}
RESULT: {}
COMMAND: GET /session/b7239e52363f74954c873ccf121d06b9/window/rect - {}
RESULT: {}
COMMAND: POST /session/b7239e52363f74954c873ccf121d06b9/actions - {"actions":[{"id":"action3","type":"wheel","parameters":{},"actions":[{"type":"scroll","x":-116,"y":-790,"deltaX":0,"deltaY":0,"duration":0,"origin":{"element-6066-11e4-a52e-4f735466cecf":"f.CA9032C0A965BC786C2ABA8C699579BD.d.854F93E1F1FE4F436A565A100227DA60.e.62"}}]}]}
COMMAND: POST /session/b7239e52363f74954c873ccf121d06b9/element/f.CA9032C0A965BC786C2ABA8C699579BD.d.854F93E1F1FE4F436A565A100227DA60.e.62/click - {}
RESULT: {}
]]></system-out>
    </testcase>
    <testcase classname="chrome.128_0_6613_119.windows.End_to_End_Ecommerce_Automation_Test" name="AZ222 Verify product present in the cart and goto checkout page" time="0.771">
      <system-out><![CDATA[
COMMAND: GET /session/b7239e52363f74954c873ccf121d06b9/element/f.CA9032C0A965BC786C2ABA8C699579BD.d.854F93E1F1FE4F436A565A100227DA60.e.70/text - {}
COMMAND: GET /session/b7239e52363f74954c873ccf121d06b9/element/f.CA9032C0A965BC786C2ABA8C699579BD.d.854F93E1F1FE4F436A565A100227DA60.e.71/text - {}
RESULT: {}
RESULT: {}
COMMAND: GET /session/b7239e52363f74954c873ccf121d06b9/element/f.CA9032C0A965BC786C2ABA8C699579BD.d.854F93E1F1FE4F436A565A100227DA60.e.72/text - {}
RESULT: {}
COMMAND: POST /session/b7239e52363f74954c873ccf121d06b9/element/f.CA9032C0A965BC786C2ABA8C699579BD.d.854F93E1F1FE4F436A565A100227DA60.e.73/click - {}
RESULT: {}
]]></system-out>
    </testcase>
    <testcase classname="chrome.128_0_6613_119.windows.End_to_End_Ecommerce_Automation_Test" name="TR123 Select country and complete purchase" time="8.726">
      <system-out><![CDATA[
COMMAND: POST /session/b7239e52363f74954c873ccf121d06b9/element/f.CA9032C0A965BC786C2ABA8C699579BD.d.854F93E1F1FE4F436A565A100227DA60.e.98/click - {}
RESULT: {}
COMMAND: POST /session/b7239e52363f74954c873ccf121d06b9/element/f.CA9032C0A965BC786C2ABA8C699579BD.d.854F93E1F1FE4F436A565A100227DA60.e.98/clear - {}
RESULT: {}
COMMAND: POST /session/b7239e52363f74954c873ccf121d06b9/element/f.CA9032C0A965BC786C2ABA8C699579BD.d.854F93E1F1FE4F436A565A100227DA60.e.98/value - {"text":"ind"}
RESULT: {"text":"ind"}
COMMAND: POST /session/b7239e52363f74954c873ccf121d06b9/element/f.CA9032C0A965BC786C2ABA8C699579BD.d.854F93E1F1FE4F436A565A100227DA60.e.113/click - {}
RESULT: {}
COMMAND: POST /session/b7239e52363f74954c873ccf121d06b9/element/f.CA9032C0A965BC786C2ABA8C699579BD.d.854F93E1F1FE4F436A565A100227DA60.e.100/click - {}
RESULT: {}
COMMAND: POST /session/b7239e52363f74954c873ccf121d06b9/element/f.CA9032C0A965BC786C2ABA8C699579BD.d.854F93E1F1FE4F436A565A100227DA60.e.105/click - {}
RESULT: {}
COMMAND: GET /session/b7239e52363f74954c873ccf121d06b9/element/f.CA9032C0A965BC786C2ABA8C699579BD.d.854F93E1F1FE4F436A565A100227DA60.e.116/text - {}
RESULT: {}
COMMAND: DELETE /session/b7239e52363f74954c873ccf121d06b9 - {}
RESULT: {}
]]></system-out>
    </testcase>
  </testsuite>
</testsuites>