<?xml version="1.0" encoding="UTF-8"?>
<testsuites tests="3" failures="0" errors="0" skipped="0">
  <testsuite name="End to End Ecommerce Automation Test" timestamp="2024-09-04T17:06:27" time="12.419" tests="3" failures="0" errors="0" skipped="0">
    <properties>
      <property name="specId" value="0"/>
      <property name="suiteName" value="End to End Ecommerce Automation Test"/>
      <property name="capabilities" value="chrome.128_0_6613_114.windows"/>
      <property name="file" value="file:///D:/In_House_Wdio_Framework/webdriverio-framework/src/test/specs/E2E.ecommerce.spec%20copy.js"/>
    </properties>
    <testcase classname="chrome.128_0_6613_114.windows.End_to_End_Ecommerce_Automation_Test" name="AZ111 Login into Ecommerce website and Add product to cart" time="5.76">
      <system-out><![CDATA[
COMMAND: GET /session/c930e71a440658f0514f1218bb2261e6/window - {}
RESULT: {}
COMMAND: GET /session/c930e71a440658f0514f1218bb2261e6/window - {}
RESULT: {}
COMMAND: POST /session/c930e71a440658f0514f1218bb2261e6/window/maximize - {}
RESULT: {}
COMMAND: POST /session/c930e71a440658f0514f1218bb2261e6/element/f.F18ADBEFE1696F3C4202526154783E6F.d.F132B5A2B3B7567BFF4DF1A17BEF20F2.e.3/clear - {}
RESULT: {}
COMMAND: POST /session/c930e71a440658f0514f1218bb2261e6/element/f.F18ADBEFE1696F3C4202526154783E6F.d.F132B5A2B3B7567BFF4DF1A17BEF20F2.e.3/value - {"text":"rahulshettyacademy"}
RESULT: {"text":"rahulshettyacademy"}
COMMAND: POST /session/c930e71a440658f0514f1218bb2261e6/element/f.F18ADBEFE1696F3C4202526154783E6F.d.F132B5A2B3B7567BFF4DF1A17BEF20F2.e.5/clear - {}
RESULT: {}
COMMAND: POST /session/c930e71a440658f0514f1218bb2261e6/element/f.F18ADBEFE1696F3C4202526154783E6F.d.F132B5A2B3B7567BFF4DF1A17BEF20F2.e.5/value - {"text":"learning"}
RESULT: {"text":"learning"}
COMMAND: POST /session/c930e71a440658f0514f1218bb2261e6/element/f.F18ADBEFE1696F3C4202526154783E6F.d.F132B5A2B3B7567BFF4DF1A17BEF20F2.e.8/element - {"using":"xpath","value":"./option[. = \"Teacher\"]|./option[normalize-space(text()) = \"Teacher\"]|./optgroup/option[. = \"Teacher\"]|./optgroup/option[normalize-space(text()) = \"Teacher\"]"}
RESULT: {"using":"xpath","value":"./option[. = \"Teacher\"]|./option[normalize-space(text()) = \"Teacher\"]|./optgroup/option[. = \"Teacher\"]|./optgroup/option[normalize-space(text()) = \"Teacher\"]"}
COMMAND: POST /session/c930e71a440658f0514f1218bb2261e6/element/f.F18ADBEFE1696F3C4202526154783E6F.d.F132B5A2B3B7567BFF4DF1A17BEF20F2.e.16/click - {}
RESULT: {}
COMMAND: GET /session/c930e71a440658f0514f1218bb2261e6/element/f.F18ADBEFE1696F3C4202526154783E6F.d.F132B5A2B3B7567BFF4DF1A17BEF20F2.e.8/text - {}
RESULT: {}
COMMAND: POST /session/c930e71a440658f0514f1218bb2261e6/element/f.F18ADBEFE1696F3C4202526154783E6F.d.F132B5A2B3B7567BFF4DF1A17BEF20F2.e.9/click - {}
RESULT: {}
COMMAND: GET /session/c930e71a440658f0514f1218bb2261e6/element/f.F18ADBEFE1696F3C4202526154783E6F.d.F132B5A2B3B7567BFF4DF1A17BEF20F2.e.9/selected - {}
RESULT: {}
COMMAND: POST /session/c930e71a440658f0514f1218bb2261e6/element/f.F18ADBEFE1696F3C4202526154783E6F.d.F132B5A2B3B7567BFF4DF1A17BEF20F2.e.10/click - {}
RESULT: {}
COMMAND: GET /session/c930e71a440658f0514f1218bb2261e6/window - {}
RESULT: {}
COMMAND: POST /session/c930e71a440658f0514f1218bb2261e6/element - {"using":"xpath","value":"//app-shop//div[@class=\"container\"]//h1[text()=\"Shop Name\"]"}
RESULT: {"using":"xpath","value":"//app-shop//div[@class=\"container\"]//h1[text()=\"Shop Name\"]"}
COMMAND: GET /session/c930e71a440658f0514f1218bb2261e6/element/f.F18ADBEFE1696F3C4202526154783E6F.d.89866B3DCFD942E0E8EA73B05C792990.e.59/rect - {}
RESULT: {}
COMMAND: GET /session/c930e71a440658f0514f1218bb2261e6/window/rect - {}
RESULT: {}
COMMAND: POST /session/c930e71a440658f0514f1218bb2261e6/actions - {"actions":[{"id":"action1","type":"wheel","parameters":{},"actions":[{"type":"scroll","x":-73,"y":-172,"deltaX":0,"deltaY":0,"duration":0,"origin":{"element-6066-11e4-a52e-4f735466cecf":"f.F18ADBEFE1696F3C4202526154783E6F.d.89866B3DCFD942E0E8EA73B05C792990.e.59"}}]}]}
RESULT: {"actions":[{"id":"action1","type":"wheel","parameters":{},"actions":[{"type":"scroll","x":-73,"y":-172,"deltaX":0,"deltaY":0,"duration":0,"origin":{"element-6066-11e4-a52e-4f735466cecf":"f.F18ADBEFE1696F3C4202526154783E6F.d.89866B3DCFD942E0E8EA73B05C792990.e.59"}}]}]}
COMMAND: DELETE /session/c930e71a440658f0514f1218bb2261e6/actions - {}
RESULT: {}
COMMAND: POST /session/c930e71a440658f0514f1218bb2261e6/element/f.F18ADBEFE1696F3C4202526154783E6F.d.89866B3DCFD942E0E8EA73B05C792990.e.59/click - {}
RESULT: {}
COMMAND: GET /session/c930e71a440658f0514f1218bb2261e6/element/f.F18ADBEFE1696F3C4202526154783E6F.d.89866B3DCFD942E0E8EA73B05C792990.e.60/rect - {}
RESULT: {}
COMMAND: GET /session/c930e71a440658f0514f1218bb2261e6/window/rect - {}
RESULT: {}
COMMAND: POST /session/c930e71a440658f0514f1218bb2261e6/actions - {"actions":[{"id":"action2","type":"wheel","parameters":{},"actions":[{"type":"scroll","x":-73,"y":-172,"deltaX":0,"deltaY":0,"duration":0,"origin":{"element-6066-11e4-a52e-4f735466cecf":"f.F18ADBEFE1696F3C4202526154783E6F.d.89866B3DCFD942E0E8EA73B05C792990.e.60"}}]}]}
RESULT: {"actions":[{"id":"action2","type":"wheel","parameters":{},"actions":[{"type":"scroll","x":-73,"y":-172,"deltaX":0,"deltaY":0,"duration":0,"origin":{"element-6066-11e4-a52e-4f735466cecf":"f.F18ADBEFE1696F3C4202526154783E6F.d.89866B3DCFD942E0E8EA73B05C792990.e.60"}}]}]}
COMMAND: DELETE /session/c930e71a440658f0514f1218bb2261e6/actions - {}
RESULT: {}
COMMAND: POST /session/c930e71a440658f0514f1218bb2261e6/element/f.F18ADBEFE1696F3C4202526154783E6F.d.89866B3DCFD942E0E8EA73B05C792990.e.60/click - {}
RESULT: {}
COMMAND: GET /session/c930e71a440658f0514f1218bb2261e6/element/f.F18ADBEFE1696F3C4202526154783E6F.d.89866B3DCFD942E0E8EA73B05C792990.e.61/rect - {}
RESULT: {}
COMMAND: GET /session/c930e71a440658f0514f1218bb2261e6/window/rect - {}
RESULT: {}
COMMAND: POST /session/c930e71a440658f0514f1218bb2261e6/actions - {"actions":[{"id":"action3","type":"wheel","parameters":{},"actions":[{"type":"scroll","x":-116,"y":-790,"deltaX":0,"deltaY":0,"duration":0,"origin":{"element-6066-11e4-a52e-4f735466cecf":"f.F18ADBEFE1696F3C4202526154783E6F.d.89866B3DCFD942E0E8EA73B05C792990.e.61"}}]}]}
COMMAND: POST /session/c930e71a440658f0514f1218bb2261e6/element/f.F18ADBEFE1696F3C4202526154783E6F.d.89866B3DCFD942E0E8EA73B05C792990.e.61/click - {}
RESULT: {}
]]></system-out>
    </testcase>
    <testcase classname="chrome.128_0_6613_114.windows.End_to_End_Ecommerce_Automation_Test" name="AZ222 Verify product present in the cart and goto checkout page" time="0.328">
      <system-out><![CDATA[
COMMAND: GET /session/c930e71a440658f0514f1218bb2261e6/element/f.F18ADBEFE1696F3C4202526154783E6F.d.89866B3DCFD942E0E8EA73B05C792990.e.69/text - {}
COMMAND: GET /session/c930e71a440658f0514f1218bb2261e6/element/f.F18ADBEFE1696F3C4202526154783E6F.d.89866B3DCFD942E0E8EA73B05C792990.e.70/text - {}
RESULT: {}
RESULT: {}
COMMAND: GET /session/c930e71a440658f0514f1218bb2261e6/element/f.F18ADBEFE1696F3C4202526154783E6F.d.89866B3DCFD942E0E8EA73B05C792990.e.71/text - {}
RESULT: {}
COMMAND: POST /session/c930e71a440658f0514f1218bb2261e6/element/f.F18ADBEFE1696F3C4202526154783E6F.d.89866B3DCFD942E0E8EA73B05C792990.e.72/click - {}
RESULT: {}
]]></system-out>
    </testcase>
    <testcase classname="chrome.128_0_6613_114.windows.End_to_End_Ecommerce_Automation_Test" name="TR123 Select country and complete purchase" time="6.289">
      <system-out><![CDATA[
COMMAND: POST /session/c930e71a440658f0514f1218bb2261e6/element/f.F18ADBEFE1696F3C4202526154783E6F.d.89866B3DCFD942E0E8EA73B05C792990.e.97/click - {}
RESULT: {}
COMMAND: POST /session/c930e71a440658f0514f1218bb2261e6/element/f.F18ADBEFE1696F3C4202526154783E6F.d.89866B3DCFD942E0E8EA73B05C792990.e.97/clear - {}
RESULT: {}
COMMAND: POST /session/c930e71a440658f0514f1218bb2261e6/element/f.F18ADBEFE1696F3C4202526154783E6F.d.89866B3DCFD942E0E8EA73B05C792990.e.97/value - {"text":"ind"}
RESULT: {"text":"ind"}
COMMAND: POST /session/c930e71a440658f0514f1218bb2261e6/element/f.F18ADBEFE1696F3C4202526154783E6F.d.89866B3DCFD942E0E8EA73B05C792990.e.111/click - {}
RESULT: {}
COMMAND: POST /session/c930e71a440658f0514f1218bb2261e6/element/f.F18ADBEFE1696F3C4202526154783E6F.d.89866B3DCFD942E0E8EA73B05C792990.e.99/click - {}
RESULT: {}
COMMAND: POST /session/c930e71a440658f0514f1218bb2261e6/element/f.F18ADBEFE1696F3C4202526154783E6F.d.89866B3DCFD942E0E8EA73B05C792990.e.104/click - {}
RESULT: {}
COMMAND: GET /session/c930e71a440658f0514f1218bb2261e6/element/f.F18ADBEFE1696F3C4202526154783E6F.d.89866B3DCFD942E0E8EA73B05C792990.e.114/text - {}
RESULT: {}
COMMAND: DELETE /session/c930e71a440658f0514f1218bb2261e6 - {}
RESULT: {}
]]></system-out>
    </testcase>
  </testsuite>
</testsuites>