<?xml version="1.0" encoding="UTF-8"?>
<testsuites tests="3" failures="0" errors="0" skipped="0">
  <testsuite name="End to End Ecommerce Automation Test" timestamp="2024-09-05T16:08:19" time="18.571" tests="3" failures="0" errors="0" skipped="0">
    <properties>
      <property name="specId" value="0"/>
      <property name="suiteName" value="End to End Ecommerce Automation Test"/>
      <property name="capabilities" value="firefox.127_0.windows"/>
      <property name="file" value="file:///D:/In_House_Wdio_Framework/webdriverio-framework/src/test/specs/E2E.ecommerce.spec%20copy.js"/>
    </properties>
    <testcase classname="firefox.127_0.windows.End_to_End_Ecommerce_Automation_Test" name="AZ111 Login into Ecommerce website and Add product to cart" time="10.99">
      <system-out><![CDATA[
COMMAND: GET /session/c6d257b2-1426-4ad1-a092-548af32d8372/window - {}
RESULT: {}
COMMAND: GET /session/c6d257b2-1426-4ad1-a092-548af32d8372/window - {}
RESULT: {}
COMMAND: POST /session/c6d257b2-1426-4ad1-a092-548af32d8372/window/maximize - {}
RESULT: {}
COMMAND: POST /session/c6d257b2-1426-4ad1-a092-548af32d8372/element/bb2eefbf-3b2c-42d4-a68d-883a17a42e8f/clear - {}
RESULT: {}
COMMAND: POST /session/c6d257b2-1426-4ad1-a092-548af32d8372/element/bb2eefbf-3b2c-42d4-a68d-883a17a42e8f/value - {"text":"rahulshettyacademy"}
RESULT: {"text":"rahulshettyacademy"}
COMMAND: POST /session/c6d257b2-1426-4ad1-a092-548af32d8372/element/c9bf5123-ee30-4c5f-afdf-79e30ad2caf5/clear - {}
RESULT: {}
COMMAND: POST /session/c6d257b2-1426-4ad1-a092-548af32d8372/element/c9bf5123-ee30-4c5f-afdf-79e30ad2caf5/value - {"text":"learning"}
RESULT: {"text":"learning"}
COMMAND: POST /session/c6d257b2-1426-4ad1-a092-548af32d8372/element/932225ee-40a1-4adb-a13f-c22219a3609c/element - {"using":"xpath","value":"./option[. = \"Teacher\"]|./option[normalize-space(text()) = \"Teacher\"]|./optgroup/option[. = \"Teacher\"]|./optgroup/option[normalize-space(text()) = \"Teacher\"]"}
RESULT: {"using":"xpath","value":"./option[. = \"Teacher\"]|./option[normalize-space(text()) = \"Teacher\"]|./optgroup/option[. = \"Teacher\"]|./optgroup/option[normalize-space(text()) = \"Teacher\"]"}
COMMAND: POST /session/c6d257b2-1426-4ad1-a092-548af32d8372/element/0053ac07-a89f-4647-8dd0-745a408ba9d0/click - {}
RESULT: {}
COMMAND: GET /session/c6d257b2-1426-4ad1-a092-548af32d8372/element/932225ee-40a1-4adb-a13f-c22219a3609c/text - {}
RESULT: {}
COMMAND: POST /session/c6d257b2-1426-4ad1-a092-548af32d8372/element/33379689-346d-44d5-a4cd-eda933032053/click - {}
RESULT: {}
COMMAND: GET /session/c6d257b2-1426-4ad1-a092-548af32d8372/element/33379689-346d-44d5-a4cd-eda933032053/selected - {}
RESULT: {}
COMMAND: POST /session/c6d257b2-1426-4ad1-a092-548af32d8372/element/da8a948e-8785-4451-9109-9df75ff7027c/click - {}
RESULT: {}
COMMAND: GET /session/c6d257b2-1426-4ad1-a092-548af32d8372/window - {}
RESULT: {}
COMMAND: GET /session/c6d257b2-1426-4ad1-a092-548af32d8372/element/8f6d044a-e264-47e0-990c-05490f8c9759/rect - {}
RESULT: {}
COMMAND: GET /session/c6d257b2-1426-4ad1-a092-548af32d8372/window/rect - {}
RESULT: {}
COMMAND: POST /session/c6d257b2-1426-4ad1-a092-548af32d8372/actions - {"actions":[{"id":"action1","type":"wheel","parameters":{},"actions":[{"type":"scroll","x":-72,"y":-792,"deltaX":0,"deltaY":0,"duration":0,"origin":{"element-6066-11e4-a52e-4f735466cecf":"8f6d044a-e264-47e0-990c-05490f8c9759"}}]}]}
COMMAND: POST /session/c6d257b2-1426-4ad1-a092-548af32d8372/element/8f6d044a-e264-47e0-990c-05490f8c9759/click - {}
RESULT: {}
COMMAND: GET /session/c6d257b2-1426-4ad1-a092-548af32d8372/element/0f4caf5b-2960-4a58-a081-6ac0bbf8035d/rect - {}
RESULT: {}
COMMAND: GET /session/c6d257b2-1426-4ad1-a092-548af32d8372/window/rect - {}
RESULT: {}
COMMAND: POST /session/c6d257b2-1426-4ad1-a092-548af32d8372/actions - {"actions":[{"id":"action2","type":"wheel","parameters":{},"actions":[{"type":"scroll","x":-72,"y":-169,"deltaX":0,"deltaY":0,"duration":0,"origin":{"element-6066-11e4-a52e-4f735466cecf":"0f4caf5b-2960-4a58-a081-6ac0bbf8035d"}}]}]}
RESULT: {"actions":[{"id":"action2","type":"wheel","parameters":{},"actions":[{"type":"scroll","x":-72,"y":-169,"deltaX":0,"deltaY":0,"duration":0,"origin":{"element-6066-11e4-a52e-4f735466cecf":"0f4caf5b-2960-4a58-a081-6ac0bbf8035d"}}]}]}
COMMAND: DELETE /session/c6d257b2-1426-4ad1-a092-548af32d8372/actions - {}
RESULT: {}
COMMAND: POST /session/c6d257b2-1426-4ad1-a092-548af32d8372/element/0f4caf5b-2960-4a58-a081-6ac0bbf8035d/click - {}
RESULT: {}
COMMAND: GET /session/c6d257b2-1426-4ad1-a092-548af32d8372/element/160d23da-8312-40f1-a8ad-b3c409f8699a/rect - {}
RESULT: {}
COMMAND: GET /session/c6d257b2-1426-4ad1-a092-548af32d8372/window/rect - {}
RESULT: {}
COMMAND: POST /session/c6d257b2-1426-4ad1-a092-548af32d8372/actions - {"actions":[{"id":"action3","type":"wheel","parameters":{},"actions":[{"type":"scroll","x":-116,"y":-788,"deltaX":0,"deltaY":0,"duration":0,"origin":{"element-6066-11e4-a52e-4f735466cecf":"160d23da-8312-40f1-a8ad-b3c409f8699a"}}]}]}
COMMAND: POST /session/c6d257b2-1426-4ad1-a092-548af32d8372/element/160d23da-8312-40f1-a8ad-b3c409f8699a/click - {}
RESULT: {}
]]></system-out>
    </testcase>
    <testcase classname="firefox.127_0.windows.End_to_End_Ecommerce_Automation_Test" name="AZ222 Verify product present in the cart and goto checkout page" time="0.815">
      <system-out><![CDATA[
COMMAND: GET /session/c6d257b2-1426-4ad1-a092-548af32d8372/element/6611e0a8-1628-4e03-b9d4-11ef81de7b4b/text - {}
COMMAND: GET /session/c6d257b2-1426-4ad1-a092-548af32d8372/element/d0e0deba-1a1b-4776-bc4c-72098f765189/text - {}
RESULT: {}
RESULT: {}
COMMAND: GET /session/c6d257b2-1426-4ad1-a092-548af32d8372/element/b4b9f8e0-b0d4-4830-999e-448356010ab6/text - {}
RESULT: {}
COMMAND: POST /session/c6d257b2-1426-4ad1-a092-548af32d8372/element/f309973e-7e2f-4452-ba06-fce3d9ca7b0e/click - {}
RESULT: {}
]]></system-out>
    </testcase>
    <testcase classname="firefox.127_0.windows.End_to_End_Ecommerce_Automation_Test" name="TR123 Select country and complete purchase" time="6.673">
      <system-out><![CDATA[
COMMAND: POST /session/c6d257b2-1426-4ad1-a092-548af32d8372/element/d9983a38-9780-4384-8d04-7feb3b70a34a/click - {}
RESULT: {}
COMMAND: POST /session/c6d257b2-1426-4ad1-a092-548af32d8372/element/d9983a38-9780-4384-8d04-7feb3b70a34a/clear - {}
RESULT: {}
COMMAND: POST /session/c6d257b2-1426-4ad1-a092-548af32d8372/element/d9983a38-9780-4384-8d04-7feb3b70a34a/value - {"text":"ind"}
RESULT: {"text":"ind"}
COMMAND: POST /session/c6d257b2-1426-4ad1-a092-548af32d8372/element/9485a290-ca00-489d-851a-3c2ac5754a93/click - {}
RESULT: {}
COMMAND: POST /session/c6d257b2-1426-4ad1-a092-548af32d8372/element/4fe8ae15-dcf3-49d4-b769-3b29bafeec10/click - {}
RESULT: {}
COMMAND: POST /session/c6d257b2-1426-4ad1-a092-548af32d8372/element/58e8b779-04bb-4436-b9dd-dec7b868de0c/click - {}
RESULT: {}
COMMAND: GET /session/c6d257b2-1426-4ad1-a092-548af32d8372/element/10067d6c-1a49-44fc-9b92-c5ede70f7277/text - {}
RESULT: {}
COMMAND: DELETE /session/c6d257b2-1426-4ad1-a092-548af32d8372 - {}
RESULT: {}
]]></system-out>
    </testcase>
  </testsuite>
</testsuites>